<?xml version="1.0" encoding="UTF-8"?>
<!-- Generated by org.testng.reporters.JUnitReportReporter -->
<testsuite skipped="0" hostname="DESKTOP-80IG88L" name="Finacle.SeleniumTest" tests="2" failures="0" timestamp="2021-11-23T16:35:34 IST" time="0.001" errors="0">
  <testcase name="BrowserAutomation" time="0.001" classname="Finacle.SeleniumTest"/>
  <system-out/>
  <testcase name="CloseAutomation" time="0.000" classname="Finacle.SeleniumTest"/>
  <system-out/>
</testsuite> <!-- Finacle.SeleniumTest -->
