<?xml version="1.0" encoding="UTF-8"?>
<!-- Generated by org.testng.reporters.JUnitReportReporter -->
<testsuite skipped="0" hostname="DESKTOP-80IG88L" name="Finacle.AppiumTest" tests="2" failures="0" timestamp="2021-11-23T16:35:34 IST" time="0.010" errors="0">
  <testcase name="OpenApp" time="0.000" classname="Finacle.AppiumTest"/>
  <system-out/>
  <testcase name="CloseApp" time="0.010" classname="Finacle.AppiumTest"/>
  <system-out/>
</testsuite> <!-- Finacle.AppiumTest -->
